Using pre-set license
Built from '2020.2/release' branch; Version is '2020.2.2f1 (068178b99f32) revision 426360'; Using compiler version '192528614'; Build Type 'Release'
OS: 'Windows 10 Home; OS build 19042.985; Version 2009; 64bit' Language: 'en' Physical Memory: 6091 MB
BatchMode: 1, IsHumanControllingUs: 0, StartBugReporterOnCrash: 0, Is64bit: 1, IsPro: 0

 COMMAND LINE ARGUMENTS:
C:\Program Files\Unity\Hub\Editor\2020.2.2f1\Editor\Unity.exe
-adb2
-batchMode
-noUpm
-name
AssetImportWorker0
-projectPath
C:/Users/61481/OneDrive/Desktop/Cert IV - Digital & Interactive Games/Artificial Intelligence/Artifical Intelligence 22.7.21
-logFile
Logs/AssetImportWorker0.log
-srvPort
55472
Successfully changed project path to: C:/Users/61481/OneDrive/Desktop/Cert IV - Digital & Interactive Games/Artificial Intelligence/Artifical Intelligence 22.7.21
C:/Users/61481/OneDrive/Desktop/Cert IV - Digital & Interactive Games/Artificial Intelligence/Artifical Intelligence 22.7.21
Using Asset Import Pipeline V2.
Refreshing native plugins compatible for Editor in 42.31 ms, found 0 plugins.
Preloading 0 native plugins for Editor in 0.00 ms.
Initialize engine version: 2020.2.2f1 (068178b99f32)
[Subsystems] Discovering subsystems at path C:/Program Files/Unity/Hub/Editor/2020.2.2f1/Editor/Data/Resources/UnitySubsystems
[Subsystems] Discovering subsystems at path C:/Users/61481/OneDrive/Desktop/Cert IV - Digital & Interactive Games/Artificial Intelligence/Artifical Intelligence 22.7.21/Assets
GfxDevice: creating device client; threaded=0
Direct3D:
    Version:  Direct3D 11.0 [level 11.1]
    Renderer: AMD Radeon(TM) Vega 3 Graphics (ID=0x15d8)
    Vendor:   
    VRAM:     3045 MB
    Driver:   27.20.11044.5003
Initialize mono
Mono path[0] = 'C:/Program Files/Unity/Hub/Editor/2020.2.2f1/Editor/Data/Managed'
Mono path[1] = 'C:/Program Files/Unity/Hub/Editor/2020.2.2f1/Editor/Data/MonoBleedingEdge/lib/mono/unityjit'
Mono config path = 'C:/Program Files/Unity/Hub/Editor/2020.2.2f1/Editor/Data/MonoBleedingEdge/etc'
Using monoOptions --debugger-agent=transport=dt_socket,embedding=1,server=y,suspend=n,address=127.0.0.1:56604
Begin MonoManager ReloadAssembly
Registering precompiled unity dll's ...
Register platform support module: C:/Program Files/Unity/Hub/Editor/2020.2.2f1/Editor/Data/PlaybackEngines/WindowsStandaloneSupport/UnityEditor.WindowsStandalone.Extensions.dll
Registered in 0.003861 seconds.
Native extension for WindowsStandalone target not found
Refreshing native plugins compatible for Editor in 35.58 ms, found 0 plugins.
Preloading 0 native plugins for Editor in 0.00 ms.
Invoked RoslynAnalysisRunner static constructor.
RoslynAnalysisRunner will not be running.
RoslynAnalysisRunner has terminated.
Mono: successfully reloaded assembly
- Completed reload, in  4.980 seconds
Platform modules already initialized, skipping
Registering precompiled user dll's ...
Registered in 0.001553 seconds.
Begin MonoManager ReloadAssembly
Native extension for WindowsStandalone target not found
Refreshing native plugins compatible for Editor in 0.42 ms, found 0 plugins.
Preloading 0 native plugins for Editor in 0.00 ms.
Invoked RoslynAnalysisRunner static constructor.
RoslynAnalysisRunner will not be running.
RoslynAnalysisRunner has terminated.
Mono: successfully reloaded assembly
- Completed reload, in  7.191 seconds
Platform modules already initialized, skipping
========================================================================
Worker process is ready to serve import requests
Launched and connected shader compiler UnityShaderCompiler.exe after 4.12 seconds
Refreshing native plugins compatible for Editor in 0.41 ms, found 0 plugins.
Preloading 0 native plugins for Editor in 0.00 ms.
Unloading 1100 Unused Serialized files (Serialized files now loaded: 0)
System memory in use before: 57.1 MB.
System memory in use after: 57.2 MB.

Unloading 10 unused Assets to reduce memory usage. Loaded Objects now: 1541.
Total: 6.300400 ms (FindLiveObjects: 0.283800 ms CreateObjectMapping: 0.062300 ms MarkObjects: 5.799400 ms  DeleteObjects: 0.152100 ms)

========================================================================
Received Import Request.
  path: Assets/New Folder/Assembly.cs
  artifactKey: Guid(86a83177b0bef2a47bc4d781d1abc534) Importer(815301076,1909f56bfc062723c751e8b465ee728b)
Start importing Assets/New Folder/Assembly.cs using Guid(86a83177b0bef2a47bc4d781d1abc534) Importer(815301076,1909f56bfc062723c751e8b465ee728b)  -> (artifact id: 'a84a6741b1a97dba4fd5f3cd5824fc6e') in 2.065842 seconds
  Import took 2.100474 seconds .

AssetImportWorkerClient::OnTransportError - code=2 error=End of file
